proguard.cfg
-dontoptimize
-dontusemixedcaseclassnames
-dontskipnonpubliclibraryclasses
-dontpreverify
-verbose
-optimizations !code/simplification/arithmetic,!field/*,!class/merging/*

-keep public class * extends android.app.Activity
-keep public class * extends android.app.Application
-keep public class * extends android.app.Service
-keep public class * extends android.content.BroadcastReceiver
-keep public class * extends android.content.ContentProvider
-keep class * extends java.lang.Exception

-keep class org.socool.zlibrary.core.library.ZLibrary
-keepclassmembers class org.socool.zlibrary.core.library.ZLibrary {
    public static ** Instance();
    public ** getVersionName();
}
-keep class org.socool.zlibrary.core.filesystem.ZLFile
-keepclassmembers class org.socool.zlibrary.core.filesystem.ZLFile {
    public static ** createFileByPath(**);
    public ** children();
    public boolean exists();
    public boolean isDirectory();
    public ** getInputStream();
    public ** getPath();
    public long size();
}
-keep class org.socool.zlibrary.core.image.ZLImage
-keep class org.socool.zlibrary.core.image.ZLFileImage
-keepclassmembers class org.socool.zlibrary.core.image.ZLFileImage {
		public <init>(...);
}
-keep class org.socool.zlibrary.text.model.ZLTextModel
-keep class org.socool.screader.formats.PluginCollection
-keepclassmembers class org.socool.fbreader.formats.PluginCollection {
    public static ** Instance();
}
-keepclassmembers class org.socool.screader.formats.FormatPlugin {
    public ** supportedFileType();
}
-keep class org.socool.screader.formats.NativeFormatPlugin
-keepclassmembers class org.socool.fbreader.formats.NativeFormatPlugin {
    public static ** create(**);
}
-keep class org.socool.zlibrary.core.encodings.Encoding
-keepclassmembers class org.socool.zlibrary.core.encodings.Encoding {
		public ** createConverter();
}
-keep class org.socool.zlibrary.core.encodings.EncodingConverter
-keepclassmembers class org.socool.zlibrary.core.encodings.EncodingConverter {
    public ** Name;
		public int convert(byte[],int,int,byte[],int);
		public void reset();
}
-keep class org.socool.zlibrary.core.encodings.JavaEncodingCollection
-keepclassmembers class org.socool.zlibrary.core.encodings.JavaEncodingCollection {
    public static ** Instance();
    public ** getEncoding(java.lang.String);
    public ** getEncoding(int);
		public boolean providesConverterFor(java.lang.String);
}
-keep class org.socool.screader.Paths
-keepclassmembers class org.socool.screader.Paths {
    public static ** cacheDirectory();
}
-keep class org.socool.screader.library.Book
-keepclassmembers class org.socool.fbreader.library.Book {
    public ** File;
    public ** getTitle();
    public ** getLanguage();
    public ** getEncodingNoDetection();
    public void setTitle(**);
    public void setSeriesInfo(**,**);
    public void setLanguage(**);
    public void setEncoding(**);
    public void addAuthor(**,**);
    public void addTag(**);
    public boolean save();
}

-keepclasseswithmembernames class * {
    native <methods>;
}

-keepclasseswithmembernames class * {
    public <init>(android.content.Context, android.util.AttributeSet);
}

-keepclasseswithmembernames class * {
    public <init>(android.content.Context, android.util.AttributeSet, int);
}

-keepclassmembers enum * {
    public static **[] values();
    public static ** valueOf(java.lang.String);
}

-keep class * implements android.os.Parcelable {
  public static final android.os.Parcelable$Creator *;
}

-keep class net.youmi.android.appoffers.** {
*;
}

-keep public class org.socool.socoolreader.mcnxs.R$*{
    public static final int *;
}

-keepclassmembers class * {
   public <init>(org.json.JSONObject);
}

-keep public class com.umeng.fb.ui.ThreadView {
}

-keep public class com.waps.** {*;} 
-keep public interface com.waps.** {*;}