proguard/seeds.txt
org.socool.socoolreader.mcnxs.R$anim
org.socool.socoolreader.mcnxs.R$anim: int popup_enter
org.socool.socoolreader.mcnxs.R$anim: int popup_exit
org.socool.socoolreader.mcnxs.R$anim: int slide_in
org.socool.socoolreader.mcnxs.R$anim: int slide_in_top
org.socool.socoolreader.mcnxs.R$anim: int slide_out
org.socool.socoolreader.mcnxs.R$anim: int slide_out_top
org.socool.socoolreader.mcnxs.R$array
org.socool.socoolreader.mcnxs.R$array: int UMageList
org.socool.socoolreader.mcnxs.R$array: int UMgenderList
org.socool.socoolreader.mcnxs.R$array: int prefixes
org.socool.socoolreader.mcnxs.R$array: int suffixes
org.socool.socoolreader.mcnxs.R$attr
org.socool.socoolreader.mcnxs.R$color
org.socool.socoolreader.mcnxs.R$color: int black
org.socool.socoolreader.mcnxs.R$color: int bright_foreground_dark
org.socool.socoolreader.mcnxs.R$color: int dialog_bg_color
org.socool.socoolreader.mcnxs.R$color: int dialog_line
org.socool.socoolreader.mcnxs.R$color: int home_apart_line_h
org.socool.socoolreader.mcnxs.R$color: int home_apart_line_v
org.socool.socoolreader.mcnxs.R$color: int line_color
org.socool.socoolreader.mcnxs.R$color: int listview_divider_color
org.socool.socoolreader.mcnxs.R$color: int reader_bar_control_text_color
org.socool.socoolreader.mcnxs.R$color: int reader_bar_control_theme_pressed
org.socool.socoolreader.mcnxs.R$color: int reader_bar_item_bg_press
org.socool.socoolreader.mcnxs.R$color: int reader_chapter_start_analisys_text_color
org.socool.socoolreader.mcnxs.R$color: int reader_select_button_pressed
org.socool.socoolreader.mcnxs.R$color: int set_activity_color
org.socool.socoolreader.mcnxs.R$color: int store_item_title
org.socool.socoolreader.mcnxs.R$color: int textcolor
org.socool.socoolreader.mcnxs.R$color: int textcolor_gray
org.socool.socoolreader.mcnxs.R$color: int translucent_dark
org.socool.socoolreader.mcnxs.R$color: int translucenter_dark
org.socool.socoolreader.mcnxs.R$color: int transparent
org.socool.socoolreader.mcnxs.R$color: int transparent_background
org.socool.socoolreader.mcnxs.R$color: int white
org.socool.socoolreader.mcnxs.R$drawable
org.socool.socoolreader.mcnxs.R$drawable: int action_down_app_bkg
org.socool.socoolreader.mcnxs.R$drawable: int action_down_app_press_bkg
org.socool.socoolreader.mcnxs.R$drawable: int action_down_app_selector
org.socool.socoolreader.mcnxs.R$drawable: int back
org.socool.socoolreader.mcnxs.R$drawable: int background_shelf
org.socool.socoolreader.mcnxs.R$drawable: int bg_main_bottom
org.socool.socoolreader.mcnxs.R$drawable: int big_normal_button_selector
org.socool.socoolreader.mcnxs.R$drawable: int black_btn_common
org.socool.socoolreader.mcnxs.R$drawable: int black_btn_sel
org.socool.socoolreader.mcnxs.R$drawable: int black_btn_unsel
org.socool.socoolreader.mcnxs.R$drawable: int bun_common
org.socool.socoolreader.mcnxs.R$drawable: int bun_common_0
org.socool.socoolreader.mcnxs.R$drawable: int bun_common_f
org.socool.socoolreader.mcnxs.R$drawable: int button_big_1
org.socool.socoolreader.mcnxs.R$drawable: int button_big_2
org.socool.socoolreader.mcnxs.R$drawable: int button_small_1
org.socool.socoolreader.mcnxs.R$drawable: int button_small_2
org.socool.socoolreader.mcnxs.R$drawable: int button_text_normal
org.socool.socoolreader.mcnxs.R$drawable: int cartoon_apply
org.socool.socoolreader.mcnxs.R$drawable: int cartoon_clear
org.socool.socoolreader.mcnxs.R$drawable: int check_selector
org.socool.socoolreader.mcnxs.R$drawable: int chm_icon_back
org.socool.socoolreader.mcnxs.R$drawable: int chm_icon_back_disable
...
net.youmi.android.appoffers.em
net.youmi.android.appoffers.em: android.app.Activity a
net.youmi.android.appoffers.em: android.widget.VideoView b
net.youmi.android.appoffers.em: android.widget.ImageView c
net.youmi.android.appoffers.em: android.widget.TextView d
net.youmi.android.appoffers.em: java.lang.String e
net.youmi.android.appoffers.em: int f
net.youmi.android.appoffers.em: java.lang.String g
net.youmi.android.appoffers.em: net.youmi.android.appoffers.f h
net.youmi.android.appoffers.em: boolean i
net.youmi.android.appoffers.em: boolean j
net.youmi.android.appoffers.em: boolean k
net.youmi.android.appoffers.em: int l
net.youmi.android.appoffers.em: java.lang.String m
net.youmi.android.appoffers.em: java.lang.String n
net.youmi.android.appoffers.em: em(android.app.Activity,int,java.lang.String,boolean,java.lang.String,java.lang.String,boolean,java.lang.String)
net.youmi.android.appoffers.em: void a()
net.youmi.android.appoffers.em: boolean b()
net.youmi.android.appoffers.em: void onWindowFocusChanged(boolean)
net.youmi.android.appoffers.em: void c()
net.youmi.android.appoffers.em: void d()
net.youmi.android.appoffers.em: void e()
net.youmi.android.appoffers.em: void f()
net.youmi.android.appoffers.em: void a(int)
net.youmi.android.appoffers.em: void a(boolean)
net.youmi.android.appoffers.em: int m()
net.youmi.android.appoffers.em: void n()
net.youmi.android.appoffers.em: boolean g()
net.youmi.android.appoffers.em: void i()
net.youmi.android.appoffers.em: void h()
net.youmi.android.appoffers.en
net.youmi.android.appoffers.en: net.youmi.android.appoffers.em a
net.youmi.android.appoffers.en: en(net.youmi.android.appoffers.em)
net.youmi.android.appoffers.en: void onClick(android.view.View)
net.youmi.android.appoffers.eo
net.youmi.android.appoffers.eo: boolean b
net.youmi.android.appoffers.eo: boolean c
net.youmi.android.appoffers.eo: boolean d
net.youmi.android.appoffers.eo: boolean e
net.youmi.android.appoffers.eo: net.youmi.android.appoffers.ad f
net.youmi.android.appoffers.eo: net.youmi.android.appoffers.ae g
net.youmi.android.appoffers.eo: android.content.Context a
net.youmi.android.appoffers.eo: eo(android.content.Context,net.youmi.android.appoffers.ae,net.youmi.android.appoffers.ad,net.youmi.android.appoffers.y)
net.youmi.android.appoffers.eo: void a()
net.youmi.android.appoffers.eo: void a(net.youmi.android.appoffers.y)
net.youmi.android.appoffers.eo: void b()
net.youmi.android.appoffers.eo: void c()
net.youmi.android.appoffers.eo: void a(net.youmi.android.appoffers.ae)
net.youmi.android.appoffers.eo: void a(net.youmi.android.appoffers.ad)
net.youmi.android.appoffers.eo: void a(boolean)
net.youmi.android.appoffers.eo: void b(boolean)
net.youmi.android.appoffers.eo: void c(boolean)
net.youmi.android.appoffers.eo: void d(boolean)
net.youmi.android.appoffers.eo: void a(android.webkit.WebView,java.lang.String,android.graphics.Bitmap)
net.youmi.android.appoffers.eo: void a(android.webkit.WebView,int,java.lang.String,java.lang.String)
net.youmi.android.appoffers.eo: void a(android.webkit.WebView,java.lang.String)
net.youmi.android.appoffers.eo: void a(android.webkit.WebView,int)
net.youmi.android.appoffers.ep
net.youmi.android.appoffers.ep: net.youmi.android.appoffers.eo a
net.youmi.android.appoffers.ep: ep(net.youmi.android.appoffers.eo)
net.youmi.android.appoffers.ep: void onDownloadStart(java.lang.String,java.lang.String,java.lang.String,java.lang.String,long)
net.youmi.android.appoffers.eq
net.youmi.android.appoffers.eq: net.youmi.android.appoffers.YoumiOffersActivity a
net.youmi.android.appoffers.eq: eq(net.youmi.android.appoffers.YoumiOffersActivity)
net.youmi.android.appoffers.eq: boolean onKey(android.content.DialogInterface,int,android.view.KeyEvent)