proguard/mapping.txt
org.socool.socoolreader.mcnxs.R -> org.socool.socoolreader.mcnxs.R:
org.socool.socoolreader.mcnxs.R$anim -> org.socool.socoolreader.mcnxs.R$anim:
    int popup_enter -> popup_enter
    int popup_exit -> popup_exit
    int slide_in -> slide_in
    int slide_in_top -> slide_in_top
    int slide_out -> slide_out
    int slide_out_top -> slide_out_top
org.socool.socoolreader.mcnxs.R$array -> org.socool.socoolreader.mcnxs.R$array:
    int UMageList -> UMageList
    int UMgenderList -> UMgenderList
    int prefixes -> prefixes
    int suffixes -> suffixes
org.socool.socoolreader.mcnxs.R$attr -> org.socool.socoolreader.mcnxs.R$attr:
org.socool.socoolreader.mcnxs.R$color -> org.socool.socoolreader.mcnxs.R$color:
    int black -> black
    int bright_foreground_dark -> bright_foreground_dark
    int dialog_bg_color -> dialog_bg_color
    int dialog_line -> dialog_line
    int home_apart_line_h -> home_apart_line_h
    int home_apart_line_v -> home_apart_line_v
    int line_color -> line_color
    int listview_divider_color -> listview_divider_color
    int reader_bar_control_text_color -> reader_bar_control_text_color
    int reader_bar_control_theme_pressed -> reader_bar_control_theme_pressed
    int reader_bar_item_bg_press -> reader_bar_item_bg_press
    int reader_chapter_start_analisys_text_color -> reader_chapter_start_analisys_text_color
    int reader_select_button_pressed -> reader_select_button_pressed
    int set_activity_color -> set_activity_color
    int store_item_title -> store_item_title
    int textcolor -> textcolor
    int textcolor_gray -> textcolor_gray
    int translucent_dark -> translucent_dark
    int translucenter_dark -> translucenter_dark
    int transparent -> transparent
    int transparent_background -> transparent_background
    int white -> white
org.socool.socoolreader.mcnxs.R$drawable -> org.socool.socoolreader.mcnxs.R$drawable:
    int action_down_app_bkg -> action_down_app_bkg
    int action_down_app_press_bkg -> action_down_app_press_bkg
    int action_down_app_selector -> action_down_app_selector
    int back -> back
    int background_shelf -> background_shelf
    int bg_main_bottom -> bg_main_bottom
    int big_normal_button_selector -> big_normal_button_selector
    int black_btn_common -> black_btn_common
    int black_btn_sel -> black_btn_sel
    int black_btn_unsel -> black_btn_unsel
    int bun_common -> bun_common
    int bun_common_0 -> bun_common_0
    int bun_common_f -> bun_common_f
    int button_big_1 -> button_big_1
    int button_big_2 -> button_big_2
    int button_small_1 -> button_small_1
    int button_small_2 -> button_small_2
    int button_text_normal -> button_text_normal
    int cartoon_apply -> cartoon_apply
    int cartoon_clear -> cartoon_clear
    int check_selector -> check_selector
    int chm_icon_back -> chm_icon_back
    int chm_icon_back_disable -> chm_icon_back_disable
    int chm_icon_forward -> chm_icon_forward
    int chm_icon_forward_disable -> chm_icon_forward_disable
    int color_solid_black -> color_solid_black
    int dropdown -> dropdown
    int dropdown_normal -> dropdown_normal
    int dropdown_pressed -> dropdown_pressed
    int dropdown_selected -> dropdown_selected
    int general__shared__list_item_normal -> general__shared__list_item_normal
...
net.youmi.android.appoffers.q -> net.youmi.android.appoffers.q:
    void a(android.content.Context,java.util.List) -> a
net.youmi.android.appoffers.r -> net.youmi.android.appoffers.r:
    java.lang.String a -> a
    int b -> b
    java.lang.String c -> c
    int d -> d
    java.lang.String e -> e
    java.lang.String f -> f
    int g -> g
    long h -> h
    int i -> i
    java.lang.String a() -> a
    void a(java.lang.String) -> a
    int b() -> b
    void a(int) -> a
    java.lang.String c() -> c
    void b(java.lang.String) -> b
    int d() -> d
    void b(int) -> b
    java.lang.String e() -> e
    void c(java.lang.String) -> c
    java.lang.String f() -> f
    void d(java.lang.String) -> d
    int g() -> g
    void c(int) -> c
    long h() -> h
    void a(long) -> a
    int i() -> i
    void d(int) -> d
net.youmi.android.appoffers.s -> net.youmi.android.appoffers.s:
    java.lang.String a -> a
    java.lang.String b -> b
    java.lang.String c -> c
    java.lang.String d -> d
    int e -> e
    java.lang.String f -> f
    int g -> g
    boolean h -> h
    boolean i -> i
    java.lang.String j -> j
    java.lang.String k -> k
    boolean a(android.content.Context,java.lang.String,java.lang.String,java.lang.String,java.lang.String) -> a
    void a(android.content.Context,java.lang.String) -> a
    java.lang.String a(android.content.Context) -> a
    java.lang.String a() -> a
    boolean d(android.content.Context,java.lang.String) -> d
    void b(android.content.Context,java.lang.String) -> b
    boolean b(android.content.Context) -> b
    java.lang.String c(android.content.Context) -> c
    boolean c(android.content.Context,java.lang.String) -> c
    java.lang.String d(android.content.Context) -> d
    java.lang.String e(android.content.Context) -> e
    java.lang.String a(android.content.Context,java.lang.String,java.lang.String,java.lang.String) -> a
    java.lang.String f(android.content.Context) -> f
    int g(android.content.Context) -> g
    java.lang.String h(android.content.Context) -> h
    int i(android.content.Context) -> i
    java.lang.String b() -> b
net.youmi.android.appoffers.t -> net.youmi.android.appoffers.t:
    boolean a() -> a
net.youmi.android.appoffers.u -> net.youmi.android.appoffers.u:
    java.lang.String a -> a
    java.lang.String b -> b
    java.lang.String c -> c
    java.lang.String a() -> a
    java.lang.String b() -> b
    java.lang.String a(android.content.Context) -> a
    void a(android.content.Context,boolean) -> a
    boolean b(android.content.Context) -> b
    java.lang.String a(android.content.Context,java.lang.String) -> a
    long c(android.content.Context) -> c
    boolean a(android.content.Context,long) -> a
net.youmi.android.appoffers.v -> net.youmi.android.appoffers.v:
    java.lang.String a -> a
    java.lang.String b -> b
    java.lang.String a() -> a
    java.lang.String b() -> b
net.youmi.android.appoffers.w -> net.youmi.android.appoffers.w:
    java.lang.String a -> a
    java.lang.String b -> b
    java.lang.String c -> c
    java.lang.String d -> d
    java.lang.String e -> e
    boolean f -> f
    net.youmi.android.appoffers.w g -> g
    net.youmi.android.appoffers.w a(android.content.Context) -> a
    java.lang.String b(android.content.Context) -> b
    java.lang.String a(java.lang.String) -> a
    boolean f() -> f
    java.lang.String a() -> a
    java.lang.String b() -> b
    java.lang.String c() -> c
    java.lang.String d() -> d
    boolean e() -> e