proguard/usage.txt
org.socool.socoolreader.mcnxs.BuildConfig
org.socool.socoolreader.mcnxs.R:
    10:10:public R()
...
org.socool.android.ZLTreeAdapter
org.socool.android.action.RunPluginAction
org.socool.android.action.SearchAction
org.socool.android.action.SelectionShareAction
org.socool.android.action.ShareBookAction
org.socool.android.action.ShowLibraryAction
org.socool.android.bookshelf.BooksAdapter:
    public static final int COVER_MAC_COUNT
    96:135:void updateBookButton(android.widget.ImageView,int)
org.socool.android.bookshelf.BubbleTextView:
    private static final float CORNER_RADIUS
    private static final float PADDING_H
    private static final float PADDING_V
    35:37:public BubbleTextView(android.content.Context)
    40:42:public BubbleTextView(android.content.Context,android.util.AttributeSet)
    45:47:public BubbleTextView(android.content.Context,android.util.AttributeSet,int)
    50:62:private void init()
org.socool.android.bookshelf.FastBitmapDrawable:
    71:71:public android.graphics.Bitmap getBitmap()
org.socool.android.bookshelf.LayerDrawable:
    35:36:varargs LayerDrawable(android.graphics.drawable.Drawable[])
    39:54:varargs LayerDrawable(org.socool.android.bookshelf.LayerDrawable$LayerState,android.graphics.drawable.Drawable[])
    222:223:public void setParent(android.graphics.drawable.Drawable)
org.socool.android.bookshelf.ShelvesActivity:
    private boolean mPendingCoversUpdate
    private static final int OPEN_BOOK_ITEM_ID
    private static final int SHOW_BOOK_INFO_ITEM_ID
    private static final int SHARE_BOOK_ITEM_ID
    private static final int DELETE_BOOK_ITEM_ID
    private static final int BOOK_INFO_REQUEST
    138:138:boolean isPendingCoversUpdate()
    183:186:private android.view.MenuItem addMenuItem(android.view.Menu,int,java.lang.String,int)
org.socool.android.bookshelf.ShelvesView:
    41:43:public ShelvesView(android.content.Context)
    46:49:public ShelvesView(android.content.Context,android.util.AttributeSet)
    52:55:public ShelvesView(android.content.Context,android.util.AttributeSet,int)
    58:65:private void load(android.content.Context,android.util.AttributeSet,int)
    68:86:private void init(android.content.Context)
org.socool.android.bookshelf.SpotlightDrawable
org.socool.android.bookshelf.TransitionDrawable:
    private static final int TRANSITION_STARTING
    private static final int TRANSITION_RUNNING
    private static final int TRANSITION_NONE
    38:39:public varargs TransitionDrawable(android.graphics.drawable.Drawable[])
    51:53:private varargs TransitionDrawable(org.socool.android.bookshelf.TransitionDrawable$TransitionState,android.graphics.drawable.Drawable[])
    93:119:public void reverseTransition(int)
    179:180:public void setCrossFadeEnabled(boolean)
    188:188:public boolean isCrossFadeEnabled()
    1:1:public bridge synthetic void setParent(android.graphics.drawable.Drawable)